This is pdfTeX, Version 3.141592653-2.6-1.40.27 (TeX Live 2026/dev/Arch Linux) (preloaded format=pdflatex 2026.2.19)  19 FEB 2026 00:49
entering extended mode
 restricted \write18 enabled.
 %&-line parsing enabled.
**license.tex
(./license.tex
LaTeX2e <2024-11-01> patch level 2
L3 programming layer <2025-01-18>
(/usr/share/texmf-dist/tex/latex/base/report.cls
Document Class: report 2024/06/29 v1.4n Standard LaTeX document class
(/usr/share/texmf-dist/tex/latex/base/size10.clo
File: size10.clo 2024/06/29 v1.4n Standard LaTeX file (size option)
)
\c@part=\count196
\c@chapter=\count197
\c@section=\count198
\c@subsection=\count199
\c@subsubsection=\count266
\c@paragraph=\count267
\c@subparagraph=\count268
\c@figure=\count269
\c@table=\count270
\abovecaptionskip=\skip49
\belowcaptionskip=\skip50
\bibindent=\dimen141
)
(/usr/share/texmf-dist/tex/latex/graphics/graphicx.sty
Package: graphicx 2021/09/16 v1.2d Enhanced LaTeX Graphics (DPC,SPQR)

(/usr/share/texmf-dist/tex/latex/graphics/keyval.sty
Package: keyval 2022/05/29 v1.15 key=value parser (DPC)
\KV@toks@=\toks17
)
(/usr/share/texmf-dist/tex/latex/graphics/graphics.sty
Package: graphics 2024/08/06 v1.4g Standard LaTeX Graphics (DPC,SPQR)

(/usr/share/texmf-dist/tex/latex/graphics/trig.sty
Package: trig 2023/12/02 v1.11 sin cos tan (DPC)
)
(/usr/share/texmf-dist/tex/latex/graphics-cfg/graphics.cfg
File: graphics.cfg 2016/06/04 v1.11 sample graphics configuration
)
Package graphics Info: Driver file: pdftex.def on input line 106.

(/usr/share/texmf-dist/tex/latex/graphics-def/pdftex.def
File: pdftex.def 2024/04/13 v1.2c Graphics/color driver for pdftex
))
\Gin@req@height=\dimen142
\Gin@req@width=\dimen143
)
(/usr/share/texmf-dist/tex/latex/hyperref/hyperref.sty
Package: hyperref 2024-11-05 v7.01l Hypertext links for LaTeX

(/usr/share/texmf-dist/tex/generic/iftex/iftex.sty
Package: iftex 2024/12/12 v1.0g TeX engine tests
)
(/usr/share/texmf-dist/tex/latex/kvsetkeys/kvsetkeys.sty
Package: kvsetkeys 2022-10-05 v1.19 Key value parser (HO)
)
(/usr/share/texmf-dist/tex/generic/kvdefinekeys/kvdefinekeys.sty
Package: kvdefinekeys 2019-12-19 v1.6 Define keys (HO)
)
(/usr/share/texmf-dist/tex/generic/pdfescape/pdfescape.sty
Package: pdfescape 2019/12/09 v1.15 Implements pdfTeX's escape features (HO)

(/usr/share/texmf-dist/tex/generic/ltxcmds/ltxcmds.sty
Package: ltxcmds 2023-12-04 v1.26 LaTeX kernel commands for general use (HO)
)
(/usr/share/texmf-dist/tex/generic/pdftexcmds/pdftexcmds.sty
Package: pdftexcmds 2020-06-27 v0.33 Utility functions of pdfTeX for LuaTeX (HO
)

(/usr/share/texmf-dist/tex/generic/infwarerr/infwarerr.sty
Package: infwarerr 2019/12/03 v1.5 Providing info/warning/error messages (HO)
)
Package pdftexcmds Info: \pdf@primitive is available.
Package pdftexcmds Info: \pdf@ifprimitive is available.
Package pdftexcmds Info: \pdfdraftmode found.
))
(/usr/share/texmf-dist/tex/latex/hycolor/hycolor.sty
Package: hycolor 2020-01-27 v1.10 Color options for hyperref/bookmark (HO)
)
(/usr/share/texmf-dist/tex/latex/hyperref/nameref.sty
Package: nameref 2023-11-26 v2.56 Cross-referencing by name of section

(/usr/share/texmf-dist/tex/latex/refcount/refcount.sty
Package: refcount 2019/12/15 v3.6 Data extraction from label references (HO)
)
(/usr/share/texmf-dist/tex/generic/gettitlestring/gettitlestring.sty
Package: gettitlestring 2019/12/15 v1.6 Cleanup title references (HO)

(/usr/share/texmf-dist/tex/latex/kvoptions/kvoptions.sty
Package: kvoptions 2022-06-15 v3.15 Key value format for package options (HO)
))
\c@section@level=\count271
)
(/usr/share/texmf-dist/tex/latex/etoolbox/etoolbox.sty
Package: etoolbox 2025/02/11 v2.5l e-TeX tools for LaTeX (JAW)
\etb@tempcnta=\count272
)
(/usr/share/texmf-dist/tex/generic/stringenc/stringenc.sty
Package: stringenc 2019/11/29 v1.12 Convert strings between diff. encodings (HO
)
)
\@linkdim=\dimen144
\Hy@linkcounter=\count273
\Hy@pagecounter=\count274

(/usr/share/texmf-dist/tex/latex/hyperref/pd1enc.def
File: pd1enc.def 2024-11-05 v7.01l Hyperref: PDFDocEncoding definition (HO)
Now handling font encoding PD1 ...
... no UTF-8 mapping file for font encoding PD1
)
(/usr/share/texmf-dist/tex/generic/intcalc/intcalc.sty
Package: intcalc 2019/12/15 v1.3 Expandable calculations with integers (HO)
)
\Hy@SavedSpaceFactor=\count275

(/usr/share/texmf-dist/tex/latex/hyperref/puenc.def
File: puenc.def 2024-11-05 v7.01l Hyperref: PDF Unicode definition (HO)
Now handling font encoding PU ...
... no UTF-8 mapping file for font encoding PU
)
Package hyperref Info: Hyper figures OFF on input line 4157.
Package hyperref Info: Link nesting OFF on input line 4162.
Package hyperref Info: Hyper index ON on input line 4165.
Package hyperref Info: Plain pages OFF on input line 4172.
Package hyperref Info: Backreferencing OFF on input line 4177.
Package hyperref Info: Implicit mode ON; LaTeX internals redefined.
Package hyperref Info: Bookmarks ON on input line 4424.
\c@Hy@tempcnt=\count276

(/usr/share/texmf-dist/tex/latex/url/url.sty
\Urlmuskip=\muskip17
Package: url 2013/09/16  ver 3.4  Verb mode for urls, etc.
)
LaTeX Info: Redefining \url on input line 4763.
\XeTeXLinkMargin=\dimen145

(/usr/share/texmf-dist/tex/generic/bitset/bitset.sty
Package: bitset 2019/12/09 v1.3 Handle bit-vector datatype (HO)

(/usr/share/texmf-dist/tex/generic/bigintcalc/bigintcalc.sty
Package: bigintcalc 2019/12/15 v1.5 Expandable calculations on big integers (HO
)
))
\Fld@menulength=\count277
\Field@Width=\dimen146
\Fld@charsize=\dimen147
Package hyperref Info: Hyper figures OFF on input line 6042.
Package hyperref Info: Link nesting OFF on input line 6047.
Package hyperref Info: Hyper index ON on input line 6050.
Package hyperref Info: backreferencing OFF on input line 6057.
Package hyperref Info: Link coloring OFF on input line 6062.
Package hyperref Info: Link coloring with OCG OFF on input line 6067.
Package hyperref Info: PDF/A mode OFF on input line 6072.

(/usr/share/texmf-dist/tex/latex/base/atbegshi-ltx.sty
Package: atbegshi-ltx 2021/01/10 v1.0c Emulation of the original atbegshi
package with kernel methods
)
\Hy@abspage=\count278
\c@Item=\count279
\c@Hfootnote=\count280
)
Package hyperref Info: Driver (autodetected): hpdftex.

(/usr/share/texmf-dist/tex/latex/hyperref/hpdftex.def
File: hpdftex.def 2024-11-05 v7.01l Hyperref driver for pdfTeX

(/usr/share/texmf-dist/tex/latex/base/atveryend-ltx.sty
Package: atveryend-ltx 2020/08/19 v1.0a Emulation of the original atveryend pac
kage
with kernel methods
)
\Fld@listcount=\count281
\c@bookmark@seq@number=\count282

(/usr/share/texmf-dist/tex/latex/rerunfilecheck/rerunfilecheck.sty
Package: rerunfilecheck 2022-07-10 v1.10 Rerun checks for auxiliary files (HO)

(/usr/share/texmf-dist/tex/generic/uniquecounter/uniquecounter.sty
Package: uniquecounter 2019/12/15 v1.4 Provide unlimited unique counter (HO)
)
Package uniquecounter Info: New unique counter `rerunfilecheck' on input line 2
85.
)
\Hy@SectionHShift=\skip51
)
(/usr/share/texmf-dist/tex/latex/tools/verbatim.sty
Package: verbatim 2024-01-22 v1.5x LaTeX2e package for verbatim enhancements
\every@verbatim=\toks18
\verbatim@line=\toks19
\verbatim@in@stream=\read2
)
(/usr/share/texmf-dist/tex/latex/l3backend/l3backend-pdftex.def
File: l3backend-pdftex.def 2024-05-08 L3 backend support: PDF output (pdfTeX)
\l__color_backend_stack_int=\count283
\l__pdf_internal_box=\box52
) (./license.aux)
\openout1 = `license.aux'.

LaTeX Font Info:    Checking defaults for OML/cmm/m/it on input line 7.
LaTeX Font Info:    ... okay on input line 7.
LaTeX Font Info:    Checking defaults for OMS/cmsy/m/n on input line 7.
LaTeX Font Info:    ... okay on input line 7.
LaTeX Font Info:    Checking defaults for OT1/cmr/m/n on input line 7.
LaTeX Font Info:    ... okay on input line 7.
LaTeX Font Info:    Checking defaults for T1/cmr/m/n on input line 7.
LaTeX Font Info:    ... okay on input line 7.
LaTeX Font Info:    Checking defaults for TS1/cmr/m/n on input line 7.
LaTeX Font Info:    ... okay on input line 7.
LaTeX Font Info:    Checking defaults for OMX/cmex/m/n on input line 7.
LaTeX Font Info:    ... okay on input line 7.
LaTeX Font Info:    Checking defaults for U/cmr/m/n on input line 7.
LaTeX Font Info:    ... okay on input line 7.
LaTeX Font Info:    Checking defaults for PD1/pdf/m/n on input line 7.
LaTeX Font Info:    ... okay on input line 7.
LaTeX Font Info:    Checking defaults for PU/pdf/m/n on input line 7.
LaTeX Font Info:    ... okay on input line 7.
 (/usr/share/texmf-dist/tex/context/base/mkii/supp-pdf.mkii
[Loading MPS to PDF converter (version 2006.09.02).]
\scratchcounter=\count284
\scratchdimen=\dimen148
\scratchbox=\box53
\nofMPsegments=\count285
\nofMParguments=\count286
\everyMPshowfont=\toks20
\MPscratchCnt=\count287
\MPscratchDim=\dimen149
\MPnumerator=\count288
\makeMPintoPDFobject=\count289
\everyMPtoPDFconversion=\toks21
) (/usr/share/texmf-dist/tex/latex/epstopdf-pkg/epstopdf-base.sty
Package: epstopdf-base 2020-01-24 v2.11 Base part for package epstopdf
Package epstopdf-base Info: Redefining graphics rule for `.eps' on input line 4
85.

(/usr/share/texmf-dist/tex/latex/latexconfig/epstopdf-sys.cfg
File: epstopdf-sys.cfg 2010/07/13 v1.3 Configuration of (r)epstopdf for TeX Liv
e
))
Package hyperref Info: Link coloring OFF on input line 7.
 (./license.out) (./license.out)
\@outlinefile=\write3
\openout3 = `license.out'.

<BM.png, id=4, 787.743pt x 260.172pt>
File: BM.png Graphic file (type png)
<use BM.png>
Package pdftex.def Info: BM.png  used on input line 11.
(pdftex.def)             Requested size: 284.52756pt x 93.97148pt.


[1

{/var/lib/texmf/fonts/map/pdftex/updmap/pdftex.map} <./BM.png>]
File: "LICENSE.txt"  (verbatim)

Overfull \hbox (43.49661pt too wide) in paragraph at lines 18--18
[]      \OT1/cmtt/m/n/10 "License" shall mean the terms and conditions for use,
 reproduction,[] 
 []


Overfull \hbox (48.74657pt too wide) in paragraph at lines 18--18
[]      \OT1/cmtt/m/n/10 and distribution as defined by Sections 1 through 9 of
 this document.[] 
 []


Overfull \hbox (27.74675pt too wide) in paragraph at lines 18--18
[]      \OT1/cmtt/m/n/10 "Licensor" shall mean the copyright owner or entity au
thorized by[] 
 []


Overfull \hbox (22.4968pt too wide) in paragraph at lines 18--18
[]      \OT1/cmtt/m/n/10 "Legal Entity" shall mean the union of the acting enti
ty and all[] 
 []


Overfull \hbox (38.24666pt too wide) in paragraph at lines 18--18
[]      \OT1/cmtt/m/n/10 other entities that control, are controlled by, or are
 under common[] 
 []


Overfull \hbox (11.99689pt too wide) in paragraph at lines 18--18
[]      \OT1/cmtt/m/n/10 control with that entity. For the purposes of this def
inition,[] 
 []


Overfull \hbox (17.24684pt too wide) in paragraph at lines 18--18
[]      \OT1/cmtt/m/n/10 "control" means (i) the power, direct or indirect, to 
cause the[] 
 []


Overfull \hbox (11.99689pt too wide) in paragraph at lines 18--18
[]      \OT1/cmtt/m/n/10 direction or management of such entity, whether by con
tract or[] 
 []


Overfull \hbox (32.9967pt too wide) in paragraph at lines 18--18
[]      \OT1/cmtt/m/n/10 otherwise, or (ii) ownership of fifty percent (50%) or
 more of the[] 
 []


Overfull \hbox (27.74675pt too wide) in paragraph at lines 18--18
[]      \OT1/cmtt/m/n/10 outstanding shares, or (iii) beneficial ownership of s
uch entity.[] 
 []


Overfull \hbox (48.74657pt too wide) in paragraph at lines 18--18
[]      \OT1/cmtt/m/n/10 "Source" form shall mean the preferred form for making
 modifications,[] 
 []


Overfull \hbox (22.4968pt too wide) in paragraph at lines 18--18
[]      \OT1/cmtt/m/n/10 including but not limited to software source code, doc
umentation[] 
 []


Overfull \hbox (6.74693pt too wide) in paragraph at lines 18--18
[]      \OT1/cmtt/m/n/10 transformation or translation of a Source form, includ
ing but[] 
 []


Overfull \hbox (6.74693pt too wide) in paragraph at lines 18--18
[]      \OT1/cmtt/m/n/10 not limited to compiled object code, generated documen
tation,[] 
 []


Overfull \hbox (11.99689pt too wide) in paragraph at lines 18--18
[]      \OT1/cmtt/m/n/10 "Work" shall mean the work of authorship, whether in S
ource or[] 
 []


Overfull \hbox (22.4968pt too wide) in paragraph at lines 18--18
[]      \OT1/cmtt/m/n/10 Object form, made available under the License, as indi
cated by a[] 
 []


Overfull \hbox (1.49698pt too wide) in paragraph at lines 18--18
[]      \OT1/cmtt/m/n/10 copyright notice that is included in or attached to th
e work[] 
 []


Overfull \hbox (38.24666pt too wide) in paragraph at lines 18--18
[]      \OT1/cmtt/m/n/10 "Derivative Works" shall mean any work, whether in Sou
rce or Object[] 
 []




pdfTeX warning (ext4): destination with the same identifier (name{page.1}) has 
been already used, duplicate ignored
<to be read again> 
                   \relax 
l.18 	\verbatiminput{LICENSE.txt}
                                 ^^M [1]
Overfull \hbox (38.24666pt too wide) in paragraph at lines 18--18
[]      \OT1/cmtt/m/n/10 form, that is based on (or derived from) the Work and 
for which the[] 
 []


Overfull \hbox (53.99652pt too wide) in paragraph at lines 18--18
[]      \OT1/cmtt/m/n/10 editorial revisions, annotations, elaborations, or oth
er modifications[] 
 []


Overfull \hbox (59.24648pt too wide) in paragraph at lines 18--18
[]      \OT1/cmtt/m/n/10 represent, as a whole, an original work of authorship.
 For the purposes[] 
 []


Overfull \hbox (48.74657pt too wide) in paragraph at lines 18--18
[]      \OT1/cmtt/m/n/10 of this License, Derivative Works shall not include wo
rks that remain[] 
 []


Overfull \hbox (53.99652pt too wide) in paragraph at lines 18--18
[]      \OT1/cmtt/m/n/10 separable from, or merely link (or bind by name) to th
e interfaces of,[] 
 []


Overfull \hbox (38.24666pt too wide) in paragraph at lines 18--18
[]      \OT1/cmtt/m/n/10 the original version of the Work and any modifications
 or additions[] 
 []


Overfull \hbox (17.24684pt too wide) in paragraph at lines 18--18
[]      \OT1/cmtt/m/n/10 to that Work or Derivative Works thereof, that is inte
ntionally[] 
 []


Overfull \hbox (53.99652pt too wide) in paragraph at lines 18--18
[]      \OT1/cmtt/m/n/10 submitted to Licensor for inclusion in the Work by the
 copyright owner[] 
 []


Overfull \hbox (48.74657pt too wide) in paragraph at lines 18--18
[]      \OT1/cmtt/m/n/10 or by an individual or Legal Entity authorized to subm
it on behalf of[] 
 []


Overfull \hbox (48.74657pt too wide) in paragraph at lines 18--18
[]      \OT1/cmtt/m/n/10 the copyright owner. For the purposes of this definiti
on, "submitted"[] 
 []


Overfull \hbox (38.24666pt too wide) in paragraph at lines 18--18
[]      \OT1/cmtt/m/n/10 means any form of electronic, verbal, or written commu
nication sent[] 
 []


Overfull \hbox (43.49661pt too wide) in paragraph at lines 18--18
[]      \OT1/cmtt/m/n/10 to the Licensor or its representatives, including but 
not limited to[] 
 []


Overfull \hbox (59.24648pt too wide) in paragraph at lines 18--18
[]      \OT1/cmtt/m/n/10 communication on electronic mailing lists, source code
 control systems,[] 
 []


Overfull \hbox (43.49661pt too wide) in paragraph at lines 18--18
[]      \OT1/cmtt/m/n/10 and issue tracking systems that are managed by, or on 
behalf of, the[] 
 []


Overfull \hbox (32.9967pt too wide) in paragraph at lines 18--18
[]      \OT1/cmtt/m/n/10 Licensor for the purpose of discussing and improving t
he Work, but[] 
 []


Overfull \hbox (27.74675pt too wide) in paragraph at lines 18--18
[]      \OT1/cmtt/m/n/10 excluding communication that is conspicuously marked o
r otherwise[] 
 []


Overfull \hbox (48.74657pt too wide) in paragraph at lines 18--18
[]      \OT1/cmtt/m/n/10 designated in writing by the copyright owner as "Not a
 Contribution."[] 
 []


Overfull \hbox (43.49661pt too wide) in paragraph at lines 18--18
[]      \OT1/cmtt/m/n/10 "Contributor" shall mean Licensor and any individual o
r Legal Entity[] 
 []


Overfull \hbox (32.9967pt too wide) in paragraph at lines 18--18
[]      \OT1/cmtt/m/n/10 on behalf of whom a Contribution has been received by 
Licensor and[] 
 []


Overfull \hbox (32.9967pt too wide) in paragraph at lines 18--18
[]   \OT1/cmtt/m/n/10 2. Grant of Copyright License. Subject to the terms and c
onditions of[] 
 []


Overfull \hbox (22.4968pt too wide) in paragraph at lines 18--18
[]      \OT1/cmtt/m/n/10 this License, each Contributor hereby grants to You a 
perpetual,[] 
 []


Overfull \hbox (11.99689pt too wide) in paragraph at lines 18--18
[]      \OT1/cmtt/m/n/10 worldwide, non-exclusive, no-charge, royalty-free, irr
evocable[] 
 []


Overfull \hbox (1.49698pt too wide) in paragraph at lines 18--18
[]      \OT1/cmtt/m/n/10 copyright license to reproduce, prepare Derivative Wor
ks of,[] 
 []


Overfull \hbox (32.9967pt too wide) in paragraph at lines 18--18
[]      \OT1/cmtt/m/n/10 publicly display, publicly perform, sublicense, and di
stribute the[] 
 []


Overfull \hbox (17.24684pt too wide) in paragraph at lines 18--18
[]   \OT1/cmtt/m/n/10 3. Grant of Patent License. Subject to the terms and cond
itions of[] 
 []


Overfull \hbox (22.4968pt too wide) in paragraph at lines 18--18
[]      \OT1/cmtt/m/n/10 this License, each Contributor hereby grants to You a 
perpetual,[] 
 []


Overfull \hbox (11.99689pt too wide) in paragraph at lines 18--18
[]      \OT1/cmtt/m/n/10 worldwide, non-exclusive, no-charge, royalty-free, irr
evocable[] 
 []


Overfull \hbox (48.74657pt too wide) in paragraph at lines 18--18
[]      \OT1/cmtt/m/n/10 (except as stated in this section) patent license to m
ake, have made,[] 
 []


Overfull \hbox (32.9967pt too wide) in paragraph at lines 18--18
[]      \OT1/cmtt/m/n/10 use, offer to sell, sell, import, and otherwise transf
er the Work,[] 
 []


Overfull \hbox (27.74675pt too wide) in paragraph at lines 18--18
[]      \OT1/cmtt/m/n/10 where such license applies only to those patent claims
 licensable[] 
 []


Overfull \hbox (22.4968pt too wide) in paragraph at lines 18--18
[]      \OT1/cmtt/m/n/10 Contribution(s) alone or by combination of their Contr
ibution(s)[] 
 []


Overfull \hbox (27.74675pt too wide) in paragraph at lines 18--18
[]      \OT1/cmtt/m/n/10 with the Work to which such Contribution(s) was submit
ted. If You[] 
 []


Overfull \hbox (22.4968pt too wide) in paragraph at lines 18--18
[]      \OT1/cmtt/m/n/10 cross-claim or counterclaim in a lawsuit) alleging tha
t the Work[] 
 []


Overfull \hbox (27.74675pt too wide) in paragraph at lines 18--18
[]      \OT1/cmtt/m/n/10 or a Contribution incorporated within the Work constit
utes direct[] 
 []


Overfull \hbox (6.74693pt too wide) in paragraph at lines 18--18
[]      \OT1/cmtt/m/n/10 or contributory patent infringement, then any patent l
icenses[] 
 []


Overfull \hbox (17.24684pt too wide) in paragraph at lines 18--18
[]      \OT1/cmtt/m/n/10 granted to You under this License for that Work shall 
terminate[] 
 []



[2]
Overfull \hbox (11.99689pt too wide) in paragraph at lines 18--18
[]   \OT1/cmtt/m/n/10 4. Redistribution. You may reproduce and distribute copie
s of the[] 
 []


Overfull \hbox (17.24684pt too wide) in paragraph at lines 18--18
[]      \OT1/cmtt/m/n/10 Work or Derivative Works thereof in any medium, with o
r without[] 
 []


Overfull \hbox (11.99689pt too wide) in paragraph at lines 18--18
[]      \OT1/cmtt/m/n/10 modifications, and in Source or Object form, provided 
that You[] 
 []


Overfull \hbox (22.4968pt too wide) in paragraph at lines 18--18
[]      \OT1/cmtt/m/n/10 (b) You must cause any modified files to carry promine
nt notices[] 
 []


Overfull \hbox (17.24684pt too wide) in paragraph at lines 18--18
[]      \OT1/cmtt/m/n/10 (c) You must retain, in the Source form of any Derivat
ive Works[] 
 []


Overfull \hbox (11.99689pt too wide) in paragraph at lines 18--18
[]          \OT1/cmtt/m/n/10 that You distribute, all copyright, patent, tradem
ark, and[] 
 []


Overfull \hbox (11.99689pt too wide) in paragraph at lines 18--18
[]          \OT1/cmtt/m/n/10 excluding those notices that do not pertain to any
 part of[] 
 []


Overfull \hbox (1.49698pt too wide) in paragraph at lines 18--18
[]      \OT1/cmtt/m/n/10 (d) If the Work includes a "NOTICE" text file as part 
of its[] 
 []


Overfull \hbox (43.49661pt too wide) in paragraph at lines 18--18
[]          \OT1/cmtt/m/n/10 distribution, then any Derivative Works that You d
istribute must[] 
 []


Overfull \hbox (22.4968pt too wide) in paragraph at lines 18--18
[]          \OT1/cmtt/m/n/10 include a readable copy of the attribution notices
 contained[] 
 []


Overfull \hbox (22.4968pt too wide) in paragraph at lines 18--18
[]          \OT1/cmtt/m/n/10 within such NOTICE file, excluding those notices t
hat do not[] 
 []


Overfull \hbox (22.4968pt too wide) in paragraph at lines 18--18
[]          \OT1/cmtt/m/n/10 pertain to any part of the Derivative Works, in at
 least one[] 
 []


Overfull \hbox (32.9967pt too wide) in paragraph at lines 18--18
[]          \OT1/cmtt/m/n/10 of the following places: within a NOTICE text file
 distributed[] 
 []


Overfull \hbox (11.99689pt too wide) in paragraph at lines 18--18
[]          \OT1/cmtt/m/n/10 as part of the Derivative Works; within the Source
 form or[] 
 []


Overfull \hbox (38.24666pt too wide) in paragraph at lines 18--18
[]          \OT1/cmtt/m/n/10 documentation, if provided along with the Derivati
ve Works; or,[] 
 []


Overfull \hbox (11.99689pt too wide) in paragraph at lines 18--18
[]          \OT1/cmtt/m/n/10 within a display generated by the Derivative Works
, if and[] 
 []


Overfull \hbox (38.24666pt too wide) in paragraph at lines 18--18
[]          \OT1/cmtt/m/n/10 wherever such third-party notices normally appear.
 The contents[] 
 []


Overfull \hbox (11.99689pt too wide) in paragraph at lines 18--18
[]          \OT1/cmtt/m/n/10 of the NOTICE file are for informational purposes 
only and[] 
 []


Overfull \hbox (17.24684pt too wide) in paragraph at lines 18--18
[]          \OT1/cmtt/m/n/10 do not modify the License. You may add Your own at
tribution[] 
 []


Overfull \hbox (32.9967pt too wide) in paragraph at lines 18--18
[]          \OT1/cmtt/m/n/10 notices within Derivative Works that You distribut
e, alongside[] 
 []


Overfull \hbox (22.4968pt too wide) in paragraph at lines 18--18
[]          \OT1/cmtt/m/n/10 or as an addendum to the NOTICE text from the Work
, provided[] 
 []


Overfull \hbox (22.4968pt too wide) in paragraph at lines 18--18
[]          \OT1/cmtt/m/n/10 that such additional attribution notices cannot be
 construed[] 
 []


Overfull \hbox (32.9967pt too wide) in paragraph at lines 18--18
[]      \OT1/cmtt/m/n/10 You may add Your own copyright statement to Your modif
ications and[] 
 []


Overfull \hbox (22.4968pt too wide) in paragraph at lines 18--18
[]      \OT1/cmtt/m/n/10 may provide additional or different license terms and 
conditions[] 
 []


Overfull \hbox (22.4968pt too wide) in paragraph at lines 18--18
[]      \OT1/cmtt/m/n/10 for use, reproduction, or distribution of Your modific
ations, or[] 
 []


Overfull \hbox (1.49698pt too wide) in paragraph at lines 18--18
[]      \OT1/cmtt/m/n/10 for any such Derivative Works as a whole, provided You
r use,[] 
 []


Overfull \hbox (32.9967pt too wide) in paragraph at lines 18--18
[]      \OT1/cmtt/m/n/10 reproduction, and distribution of the Work otherwise c
omplies with[] 
 []


Overfull \hbox (38.24666pt too wide) in paragraph at lines 18--18
[]   \OT1/cmtt/m/n/10 5. Submission of Contributions. Unless You explicitly sta
te otherwise,[] 
 []


Overfull \hbox (32.9967pt too wide) in paragraph at lines 18--18
[]      \OT1/cmtt/m/n/10 any Contribution intentionally submitted for inclusion
 in the Work[] 
 []


Overfull \hbox (27.74675pt too wide) in paragraph at lines 18--18
[]      \OT1/cmtt/m/n/10 by You to the Licensor shall be under the terms and co
nditions of[] 
 []



[3]
Overfull \hbox (38.24666pt too wide) in paragraph at lines 18--18
[]      \OT1/cmtt/m/n/10 Notwithstanding the above, nothing herein shall supers
ede or modify[] 
 []


Overfull \hbox (27.74675pt too wide) in paragraph at lines 18--18
[]      \OT1/cmtt/m/n/10 the terms of any separate license agreement you may ha
ve executed[] 
 []


Overfull \hbox (38.24666pt too wide) in paragraph at lines 18--18
[]   \OT1/cmtt/m/n/10 6. Trademarks. This License does not grant permission to 
use the trade[] 
 []


Overfull \hbox (38.24666pt too wide) in paragraph at lines 18--18
[]      \OT1/cmtt/m/n/10 names, trademarks, service marks, or product names of 
the Licensor,[] 
 []


Overfull \hbox (48.74657pt too wide) in paragraph at lines 18--18
[]      \OT1/cmtt/m/n/10 except as required for reasonable and customary use in
 describing the[] 
 []


Overfull \hbox (32.9967pt too wide) in paragraph at lines 18--18
[]      \OT1/cmtt/m/n/10 origin of the Work and reproducing the content of the 
NOTICE file.[] 
 []


Overfull \hbox (1.49698pt too wide) in paragraph at lines 18--18
[]   \OT1/cmtt/m/n/10 7. Disclaimer of Warranty. Unless required by applicable 
law or[] 
 []


Overfull \hbox (1.49698pt too wide) in paragraph at lines 18--18
[]      \OT1/cmtt/m/n/10 Contributor provides its Contributions) on an "AS IS" 
BASIS,[] 
 []


Overfull \hbox (17.24684pt too wide) in paragraph at lines 18--18
[]      \OT1/cmtt/m/n/10 WITHOUT WARRANTIES OR CONDITIONS OF ANY KIND, either e
xpress or[] 
 []


Overfull \hbox (43.49661pt too wide) in paragraph at lines 18--18
[]      \OT1/cmtt/m/n/10 implied, including, without limitation, any warranties
 or conditions[] 
 []


Overfull \hbox (6.74693pt too wide) in paragraph at lines 18--18
[]      \OT1/cmtt/m/n/10 of TITLE, NON-INFRINGEMENT, MERCHANTABILITY, or FITNES
S FOR A[] 
 []


Overfull \hbox (32.9967pt too wide) in paragraph at lines 18--18
[]      \OT1/cmtt/m/n/10 PARTICULAR PURPOSE. You are solely responsible for det
ermining the[] 
 []


Overfull \hbox (32.9967pt too wide) in paragraph at lines 18--18
[]      \OT1/cmtt/m/n/10 appropriateness of using or redistributing the Work an
d assume any[] 
 []


Overfull \hbox (53.99652pt too wide) in paragraph at lines 18--18
[]      \OT1/cmtt/m/n/10 risks associated with Your exercise of permissions und
er this License.[] 
 []


Overfull \hbox (17.24684pt too wide) in paragraph at lines 18--18
[]   \OT1/cmtt/m/n/10 8. Limitation of Liability. In no event and under no lega
l theory,[] 
 []


Overfull \hbox (17.24684pt too wide) in paragraph at lines 18--18
[]      \OT1/cmtt/m/n/10 whether in tort (including negligence), contract, or o
therwise,[] 
 []


Overfull \hbox (27.74675pt too wide) in paragraph at lines 18--18
[]      \OT1/cmtt/m/n/10 unless required by applicable law (such as deliberate 
and grossly[] 
 []


Overfull \hbox (27.74675pt too wide) in paragraph at lines 18--18
[]      \OT1/cmtt/m/n/10 negligent acts) or agreed to in writing, shall any Con
tributor be[] 
 []


Overfull \hbox (38.24666pt too wide) in paragraph at lines 18--18
[]      \OT1/cmtt/m/n/10 liable to You for damages, including any direct, indir
ect, special,[] 
 []


Overfull \hbox (32.9967pt too wide) in paragraph at lines 18--18
[]      \OT1/cmtt/m/n/10 incidental, or consequential damages of any character 
arising as a[] 
 []


Overfull \hbox (22.4968pt too wide) in paragraph at lines 18--18
[]      \OT1/cmtt/m/n/10 result of this License or out of the use or inability 
to use the[] 
 []


Overfull \hbox (22.4968pt too wide) in paragraph at lines 18--18
[]      \OT1/cmtt/m/n/10 Work (including but not limited to damages for loss of
 goodwill,[] 
 []


Overfull \hbox (11.99689pt too wide) in paragraph at lines 18--18
[]      \OT1/cmtt/m/n/10 work stoppage, computer failure or malfunction, or any
 and all[] 
 []


Overfull \hbox (6.74693pt too wide) in paragraph at lines 18--18
[]      \OT1/cmtt/m/n/10 other commercial damages or losses), even if such Cont
ributor[] 
 []


Overfull \hbox (22.4968pt too wide) in paragraph at lines 18--18
[]   \OT1/cmtt/m/n/10 9. Accepting Warranty or Additional Liability. While redi
stributing[] 
 []


Overfull \hbox (11.99689pt too wide) in paragraph at lines 18--18
[]      \OT1/cmtt/m/n/10 the Work or Derivative Works thereof, You may choose t
o offer,[] 
 []


Overfull \hbox (27.74675pt too wide) in paragraph at lines 18--18
[]      \OT1/cmtt/m/n/10 and charge a fee for, acceptance of support, warranty,
 indemnity,[] 
 []


Overfull \hbox (27.74675pt too wide) in paragraph at lines 18--18
[]      \OT1/cmtt/m/n/10 or other liability obligations and/or rights consisten
t with this[] 
 []


Overfull \hbox (27.74675pt too wide) in paragraph at lines 18--18
[]      \OT1/cmtt/m/n/10 License. However, in accepting such obligations, You m
ay act only[] 
 []


Overfull \hbox (27.74675pt too wide) in paragraph at lines 18--18
[]      \OT1/cmtt/m/n/10 on Your own behalf and on Your sole responsibility, no
t on behalf[] 
 []


Overfull \hbox (6.74693pt too wide) in paragraph at lines 18--18
[]      \OT1/cmtt/m/n/10 of any other Contributor, and only if You agree to ind
emnify,[] 
 []


Overfull \hbox (1.49698pt too wide) in paragraph at lines 18--18
[]      \OT1/cmtt/m/n/10 defend, and hold each Contributor harmless for any lia
bility[] 
 []


Overfull \hbox (38.24666pt too wide) in paragraph at lines 18--18
[]      \OT1/cmtt/m/n/10 incurred by, or claims asserted against, such Contribu
tor by reason[] 
 []


Overfull \hbox (1.49698pt too wide) in paragraph at lines 18--18
[]      \OT1/cmtt/m/n/10 of your accepting any such warranty or additional liab
ility.[] 
 []



[4] (./license.bbl

[5]
LaTeX Font Info:    Trying to load font information for OMS+cmr on input line 5
.
 (/usr/share/texmf-dist/tex/latex/base/omscmr.fd
File: omscmr.fd 2024/11/19 v2.5n Standard LaTeX font definitions
)
LaTeX Font Info:    Font shape `OMS/cmr/m/n' in size <10> not available
(Font)              Font shape `OMS/cmsy/m/n' tried instead on input line 5.
)

[6

] (./license.aux)
 ***********
LaTeX2e <2024-11-01> patch level 2
L3 programming layer <2025-01-18>
 ***********
Package rerunfilecheck Info: File `license.out' has not changed.
(rerunfilecheck)             Checksum: D41D8CD98F00B204E9800998ECF8427E;0.
 ) 
Here is how much of TeX's memory you used:
 8523 strings out of 475171
 131632 string characters out of 5767095
 536959 words of memory out of 5000000
 31439 multiletter control sequences out of 15000+600000
 560517 words of font info for 42 fonts, out of 8000000 for 9000
 14 hyphenation exceptions out of 8191
 75i,5n,79p,431b,589s stack positions out of 10000i,1000n,20000p,200000b,200000s
</usr/share/texmf-dist/fonts/type1/public/amsfonts/cm/cmbx12.pfb></usr/share/
texmf-dist/fonts/type1/public/amsfonts/cm/cmcsc10.pfb></usr/share/texmf-dist/fo
nts/type1/public/amsfonts/cm/cmr10.pfb></usr/share/texmf-dist/fonts/type1/publi
c/amsfonts/cm/cmr17.pfb></usr/share/texmf-dist/fonts/type1/public/amsfonts/cm/c
msy10.pfb></usr/share/texmf-dist/fonts/type1/public/amsfonts/cm/cmtt10.pfb>
Output written on license.pdf (7 pages, 158875 bytes).
PDF statistics:
 78 PDF objects out of 1000 (max. 8388607)
 54 compressed objects within 1 object stream
 11 named destinations out of 1000 (max. 500000)
 6 words of extra memory for PDF output out of 10000 (max. 10000000)

