\BOOKMARK [0][-]{chapter.1}{\376\377\000E\000x\000e\000c\000u\000t\000i\000v\000e\000\040\000S\000u\000m\000m\000a\000r\000y}{}% 1
\BOOKMARK [1][-]{section.1.1}{\376\377\000P\000r\000o\000b\000l\000e\000m\000\040\000I\000d\000e\000n\000t\000i\000f\000i\000e\000d}{chapter.1}% 2
\BOOKMARK [1][-]{section.1.2}{\376\377\000P\000r\000o\000p\000o\000s\000e\000d\000\040\000S\000o\000l\000u\000t\000i\000o\000n}{chapter.1}% 3
\BOOKMARK [0][-]{chapter.2}{\376\377\000P\000r\000i\000o\000r\000i\000t\000i\000s\000e\000d\000\040\000R\000e\000q\000u\000i\000r\000e\000m\000e\000n\000t\000s}{}% 4
\BOOKMARK [1][-]{section.2.1}{\376\377\000P\000r\000i\000o\000r\000i\000t\000i\000s\000a\000t\000i\000o\000n\000\040\000R\000a\000t\000i\000o\000n\000a\000l\000e}{chapter.2}% 5
\BOOKMARK [1][-]{section.2.2}{\376\377\000M\000o\000S\000C\000o\000W\000\040\000P\000r\000i\000o\000r\000i\000t\000i\000s\000a\000t\000i\000o\000n}{chapter.2}% 6
\BOOKMARK [2][-]{subsection.2.2.1}{\376\377\000S\000p\000r\000i\000n\000t\000\040\000A\000l\000l\000o\000c\000a\000t\000i\000o\000n\000\040\000a\000n\000d\000\040\000J\000u\000s\000t\000i\000f\000i\000c\000a\000t\000i\000o\000n}{section.2.2}% 7
\BOOKMARK [0][-]{chapter.3}{\376\377\000A\000r\000c\000h\000i\000t\000e\000c\000t\000u\000r\000e\000\040\000v\0001}{}% 8
\BOOKMARK [1][-]{section.3.1}{\376\377\000S\000i\000t\000e\000m\000a\000p\000\040\000a\000n\000d\000\040\000U\000s\000e\000r\000\040\000J\000o\000u\000r\000n\000e\000y}{chapter.3}% 9
\BOOKMARK [2][-]{subsection.3.1.1}{\376\377\000U\000s\000e\000r\000\040\000F\000l\000o\000w\000\040\000J\000u\000s\000t\000i\000f\000i\000c\000a\000t\000i\000o\000n}{section.3.1}% 10
\BOOKMARK [1][-]{section.3.2}{\376\377\000S\000e\000c\000u\000r\000i\000t\000y\000\040\000I\000n\000t\000e\000g\000r\000a\000t\000i\000o\000n}{chapter.3}% 11
\BOOKMARK [1][-]{section.3.3}{\376\377\000F\000u\000l\000l\000-\000S\000t\000a\000c\000k\000\040\000I\000n\000t\000e\000g\000r\000a\000t\000i\000o\000n\000\040\000D\000i\000a\000g\000r\000a\000m}{chapter.3}% 12
\BOOKMARK [1][-]{section.3.4}{\376\377\000E\000n\000t\000i\000t\000y\000\040\000R\000e\000l\000a\000t\000i\000o\000n\000s\000h\000i\000p\000\040\000I\000n\000t\000e\000g\000r\000a\000t\000i\000o\000n}{chapter.3}% 13
\BOOKMARK [1][-]{section.3.5}{\376\377\000B\000a\000c\000k\000e\000n\000d\000\040\000C\000l\000a\000s\000s\000\040\000B\000r\000e\000a\000k\000d\000o\000w\000n}{chapter.3}% 14
\BOOKMARK [1][-]{section.3.6}{\376\377\000D\000a\000t\000a\000b\000a\000s\000e\000\040\000A\000r\000c\000h\000i\000t\000e\000c\000t\000u\000r\000e}{chapter.3}% 15
\BOOKMARK [2][-]{subsection.3.6.1}{\376\377\000D\000e\000p\000l\000o\000y\000m\000e\000n\000t\000\040\000A\000r\000c\000h\000i\000t\000e\000c\000t\000u\000r\000e}{section.3.6}% 16
\BOOKMARK [2][-]{subsection.3.6.2}{\376\377\000D\000a\000t\000a\000\040\000P\000r\000o\000t\000e\000c\000t\000i\000o\000n\000\040\000a\000n\000d\000\040\000C\000l\000o\000u\000d\000\040\000I\000n\000f\000r\000a\000s\000t\000r\000u\000c\000t\000u\000r\000e}{section.3.6}% 17
\BOOKMARK [2][-]{subsection.3.6.3}{\376\377\000D\000a\000t\000a\000\040\000M\000o\000d\000e\000l\000\040\000D\000e\000s\000i\000g\000n}{section.3.6}% 18
\BOOKMARK [2][-]{subsection.3.6.4}{\376\377\000C\000o\000r\000e\000\040\000W\000o\000r\000k\000f\000l\000o\000w\000\040\000I\000m\000p\000l\000e\000m\000e\000n\000t\000e\000d\000\040\000i\000n\000\040\000C\000W\0001}{section.3.6}% 19
\BOOKMARK [2][-]{subsection.3.6.5}{\376\377\000E\000x\000p\000l\000a\000n\000a\000t\000i\000o\000n}{section.3.6}% 20
\BOOKMARK [0][-]{chapter.4}{\376\377\000F\000o\000r\000e\000c\000a\000s\000t\000i\000n\000g\000\040\000P\000l\000a\000n}{}% 21
\BOOKMARK [1][-]{section.4.1}{\376\377\000C\000u\000r\000r\000e\000n\000t\000\040\000M\000o\000d\000e\000l\000:\000\040\000E\000M\000A\000-\000W\000e\000i\000g\000h\000t\000e\000d\000\040\000F\000o\000r\000e\000c\000a\000s\000t\000i\000n\000g}{chapter.4}% 22
\BOOKMARK [1][-]{section.4.2}{\376\377\000E\000v\000a\000l\000u\000a\000t\000i\000o\000n\000\040\000A\000p\000p\000r\000o\000a\000c\000h}{chapter.4}% 23
\BOOKMARK [1][-]{section.4.3}{\376\377\000S\000p\000r\000i\000n\000t\000\040\0002\000\040\000F\000o\000r\000e\000c\000a\000s\000t\000i\000n\000g\000\040\000R\000o\000a\000d\000m\000a\000p}{chapter.4}% 24
\BOOKMARK [0][-]{chapter.5}{\376\377\000S\000u\000c\000c\000e\000s\000s\000\040\000C\000r\000i\000t\000e\000r\000i\000a}{}% 25
\BOOKMARK [1][-]{section.5.1}{\376\377\000M\000a\000r\000k\000e\000t\000p\000l\000a\000c\000e\000\040\000R\000e\000l\000i\000a\000b\000i\000l\000i\000t\000y}{chapter.5}% 26
\BOOKMARK [2][-]{subsection.5.1.1}{\376\377\000O\000v\000e\000r\000s\000e\000l\000l\000\040\000P\000r\000e\000v\000e\000n\000t\000i\000o\000n}{section.5.1}% 27
\BOOKMARK [2][-]{subsection.5.1.2}{\376\377\000H\000a\000n\000d\000l\000i\000n\000g\000\040\000E\000x\000p\000i\000r\000i\000e\000s\000\040\000a\000n\000d\000\040\000N\000o\000-\000S\000h\000o\000w\000s}{section.5.1}% 28
\BOOKMARK [1][-]{section.5.2}{\376\377\000F\000o\000r\000e\000c\000a\000s\000t\000\040\000A\000c\000c\000u\000r\000a\000c\000y}{chapter.5}% 29
\BOOKMARK [1][-]{section.5.3}{\376\377\000W\000a\000s\000t\000e\000\040\000I\000m\000p\000a\000c\000t\000\040\000a\000n\000d\000\040\000C\000a\000r\000b\000o\000n\000\040\000R\000e\000d\000u\000c\000t\000i\000o\000n}{chapter.5}% 30
\BOOKMARK [1][-]{section.5.4}{\376\377\000U\000s\000e\000r\000\040\000E\000x\000p\000e\000r\000i\000e\000n\000c\000e}{chapter.5}% 31
\BOOKMARK [1][-]{section.5.5}{\376\377\000E\000n\000g\000a\000g\000e\000m\000e\000n\000t\000\040\000a\000n\000d\000\040\000G\000a\000m\000i\000f\000i\000c\000a\000t\000i\000o\000n}{chapter.5}% 32
\BOOKMARK [0][-]{chapter.6}{\376\377\000S\000p\000r\000i\000n\000t\000\040\0002\000\040\000P\000l\000a\000n}{}% 33
\BOOKMARK [1][-]{section.6.1}{\376\377\000P\000l\000a\000n\000n\000e\000d\000\040\000F\000e\000a\000t\000u\000r\000e\000s}{chapter.6}% 34
\BOOKMARK [2][-]{subsection.6.1.1}{\376\377\000W\000e\000e\000k\000s\000\040\0001\040\023\0002\000:\000\040\000C\000o\000r\000e\000\040\000E\000n\000h\000a\000n\000c\000e\000m\000e\000n\000t\000s}{section.6.1}% 35
\BOOKMARK [2][-]{subsection.6.1.2}{\376\377\000W\000e\000e\000k\000s\000\040\0003\040\023\0004\000:\000\040\000G\000o\000v\000e\000r\000n\000a\000n\000c\000e\000\040\000a\000n\000d\000\040\000P\000o\000l\000i\000s\000h}{section.6.1}% 36
\BOOKMARK [2][-]{subsection.6.1.3}{\376\377\000W\000e\000e\000k\000\040\0005\000:\000\040\000F\000i\000n\000a\000l\000\040\000I\000n\000t\000e\000g\000r\000a\000t\000i\000o\000n\000\040\000a\000n\000d\000\040\000H\000a\000n\000d\000o\000v\000e\000r}{section.6.1}% 37
